<?xml version="1.0" encoding="UTF-8"?>
<testng-results skipped="0" failed="0" total="0" passed="0">
  <reporter-output>
  </reporter-output>
  <suite name="Default suite" duration-ms="59615" started-at="2019-05-01T14:24:27Z" finished-at="2019-05-01T14:25:27Z">
    <groups>
    </groups>
    <test name="Default test" duration-ms="59615" started-at="2019-05-01T14:24:27Z" finished-at="2019-05-01T14:25:27Z">
      <class name="base.Config">
        <test-method status="PASS" signature="openBrowser()[pri:0, instance:base.Config@71c7db30]" name="openBrowser" is-config="true" duration-ms="59554" started-at="2019-05-01T07:24:27Z" finished-at="2019-05-01T07:25:27Z">
          <reporter-output>
          </reporter-output>
        </test-method> <!-- openBrowser -->
        <test-method status="PASS" signature="tearDown()[pri:0, instance:base.Config@71c7db30]" name="tearDown" is-config="true" duration-ms="1" started-at="2019-05-01T07:25:27Z" finished-at="2019-05-01T07:25:27Z">
          <reporter-output>
          </reporter-output>
        </test-method> <!-- tearDown -->
      </class> <!-- base.Config -->
    </test> <!-- Default test -->
  </suite> <!-- Default suite -->
</testng-results>
